[2017-02-26 23:31:32] ss-panel v3.DEBUG:  hello body [] []
[2017-02-26 23:32:25] ss-panel v3.DEBUG:  hello body [] []
[2017-02-26 23:32:28] ss-panel v3.DEBUG:  hello body [] []
[2017-02-26 23:33:15] ss-panel v3.DEBUG:  hello body [] []
[2017-02-26 23:33:19] ss-panel v3.DEBUG:  hello body [] []
[2017-02-26 23:34:05] ss-panel v3.DEBUG:  hello body [] []
[2017-02-26 23:34:31] ss-panel v3.DEBUG:  hello body [] []
[2017-02-26 23:34:49] ss-panel v3.DEBUG:  hello body [] []
[2017-02-26 23:35:17] ss-panel v3.DEBUG:  hello body [] []
[2017-02-26 23:35:18] ss-panel v3.DEBUG:  hello body [] []
[2017-02-28 00:18:40] ss-panel v3.DEBUG:  hello body [] []
[2017-02-28 00:20:59] ss-panel v3.INFO:  hello body [] []
[2017-02-28 00:22:43] ss-panel v3.ERROR:  hello body [] []
[2017-02-28 00:23:03] ss-panel v3.ERROR:  hello body [] []
[2017-02-28 00:23:33] ss-panel v3.ERROR:  hello body [] []
[2017-02-28 00:26:29] ss-panel v3.ERROR:  hello body [] []
[2017-02-28 00:27:11] ss-panel v3.ERROR:  hello body [] []
[2017-02-28 00:27:35] ss-panel v3.ERROR:  hello body [] []
[2017-02-28 00:41:26] ss-panel v3.ERROR:  hello body [] []
[2017-02-28 00:46:35] ss-panel v3.ERROR: http://www.bjjs.gov.cn/bjjs/fwgl/zzxspzf/tzgg/413168/index.shtml http://www.bjjs.gov.cn/bjjs/resource/cms/article/312627/413159/润景园剩余房源公开销售摇号其他组别第三组家庭摇号结果公示（2017222）.pdf http://www.bjjs.gov.cn/bjjs/resource/cms/article/312627/413155/润景园剩余房源公开销售摇号其他组别第二组家庭摇号结果公示（2017222）.pdf http://www.bjjs.gov.cn/bjjs/resource/cms/article/312627/413151/润景园剩余房源公开销售摇号其他组别第一组家庭摇号结果公示（2017222）.pdf http://www.bjjs.gov.cn/bjjs/resource/cms/article/312627/413147/润景园剩余房源公开销售摇号东西城户籍无房家庭摇号结果公示（2017222）.pdf  [] []
[2017-02-28 00:48:26] ss-panel v3.ERROR: http://www.bjjs.gov.cn/bjjs/fwgl/zzxspzf/tzgg/413168/index.shtml <br>http://www.bjjs.gov.cn/bjjs/resource/cms/article/312627/413159/润景园剩余房源公开销售摇号其他组别第三组家庭摇号结果公示（2017222）.pdf <br>http://www.bjjs.gov.cn/bjjs/resource/cms/article/312627/413155/润景园剩余房源公开销售摇号其他组别第二组家庭摇号结果公示（2017222）.pdf <br>http://www.bjjs.gov.cn/bjjs/resource/cms/article/312627/413151/润景园剩余房源公开销售摇号其他组别第一组家庭摇号结果公示（2017222）.pdf <br>http://www.bjjs.gov.cn/bjjs/resource/cms/article/312627/413147/润景园剩余房源公开销售摇号东西城户籍无房家庭摇号结果公示（2017222）.pdf <br> [] []
